ISim log file
Running: C:\Users\joseb\Documents\GitHub\Taller-Digital\random\rand_main_isim_beh.exe -intstyle ise -gui -tclbatch isim.cmd -wdb C:/Users/joseb/Documents/GitHub/Taller-Digital/random/rand_main_isim_beh.wdb 
ISim P.20131013 (signature 0x7708f090)
WARNING: A WEBPACK license was found.
WARNING: Please use Xilinx License Configuration Manager to check out a full ISim license.
WARNING: ISim will run in Lite mode. Please refer to the ISim documentation for more information on the differences between the Lite and the Full version.
This is a Lite version of ISim.
WARNING: File "C:/Users/joseb/Documents/GitHub/Taller-Digital/random/rand_main.v" Line 23.  For instance rand_main/gen/, width 5 of formal port card1X is not equal to width 10 of actual signal card1X.
WARNING: File "C:/Users/joseb/Documents/GitHub/Taller-Digital/random/rand_main.v" Line 26.  For instance rand_main/gen/, width 5 of formal port card2Y is not equal to width 10 of actual signal card2Y.
WARNING: File "C:/Users/joseb/Documents/GitHub/Taller-Digital/random/rand_main.v" Line 27.  For instance rand_main/gen/, width 5 of formal port card3X is not equal to width 10 of actual signal card3X.
WARNING: File "C:/Users/joseb/Documents/GitHub/Taller-Digital/random/rand_main.v" Line 30.  For instance rand_main/gen/, width 5 of formal port card4Y is not equal to width 10 of actual signal card4Y.
WARNING: File "C:/Users/joseb/Documents/GitHub/Taller-Digital/random/rand_main.v" Line 31.  For instance rand_main/gen/, width 5 of formal port card5X is not equal to width 10 of actual signal card5X.
WARNING: File "C:/Users/joseb/Documents/GitHub/Taller-Digital/random/rand_main.v" Line 34.  For instance rand_main/gen/, width 5 of formal port card6Y is not equal to width 10 of actual signal card6Y.
WARNING: File "C:/Users/joseb/Documents/GitHub/Taller-Digital/random/rand_main.v" Line 35.  For instance rand_main/gen/, width 5 of formal port card7X is not equal to width 10 of actual signal card7X.
WARNING: File "C:/Users/joseb/Documents/GitHub/Taller-Digital/random/rand_main.v" Line 38.  For instance rand_main/gen/, width 5 of formal port card8Y is not equal to width 10 of actual signal card8Y.
WARNING: File "C:/Users/joseb/Documents/GitHub/Taller-Digital/random/rand_main.v" Line 39.  For instance rand_main/gen/, width 5 of formal port card9X is not equal to width 10 of actual signal card9X.
WARNING: File "C:/Users/joseb/Documents/GitHub/Taller-Digital/random/rand_main.v" Line 42.  For instance rand_main/gen/, width 5 of formal port card10Y is not equal to width 10 of actual signal card10Y.
WARNING: File "C:/Users/joseb/Documents/GitHub/Taller-Digital/random/rand_main.v" Line 43.  For instance rand_main/gen/, width 5 of formal port card11X is not equal to width 10 of actual signal card11X.
WARNING: File "C:/Users/joseb/Documents/GitHub/Taller-Digital/random/rand_main.v" Line 46.  For instance rand_main/gen/, width 5 of formal port card12Y is not equal to width 10 of actual signal card12Y.
WARNING: File "C:/Users/joseb/Documents/GitHub/Taller-Digital/random/rand_main.v" Line 47.  For instance rand_main/gen/, width 5 of formal port card13X is not equal to width 10 of actual signal card13X.
WARNING: File "C:/Users/joseb/Documents/GitHub/Taller-Digital/random/rand_main.v" Line 50.  For instance rand_main/gen/, width 5 of formal port card14Y is not equal to width 10 of actual signal card14Y.
WARNING: File "C:/Users/joseb/Documents/GitHub/Taller-Digital/random/rand_main.v" Line 51.  For instance rand_main/gen/, width 5 of formal port card15X is not equal to width 10 of actual signal card15X.
WARNING: File "C:/Users/joseb/Documents/GitHub/Taller-Digital/random/rand_main.v" Line 54.  For instance rand_main/gen/, width 5 of formal port card16Y is not equal to width 10 of actual signal card16Y.
WARNING: File "C:/Users/joseb/Documents/GitHub/Taller-Digital/random/rand_main.v" Line 59.  For instance rand_main/find/, width 5 of formal port card1 is not equal to width 1 of actual signal card1.
WARNING: File "C:/Users/joseb/Documents/GitHub/Taller-Digital/random/rand_main.v" Line 59.  For instance rand_main/find/, width 5 of formal port card2 is not equal to width 1 of actual signal card2.
WARNING: File "C:/Users/joseb/Documents/GitHub/Taller-Digital/random/rand_main.v" Line 59.  For instance rand_main/find/, width 5 of formal port card3 is not equal to width 1 of actual signal card3.
WARNING: File "C:/Users/joseb/Documents/GitHub/Taller-Digital/random/rand_main.v" Line 59.  For instance rand_main/find/, width 5 of formal port card4 is not equal to width 1 of actual signal card4.
WARNING: File "C:/Users/joseb/Documents/GitHub/Taller-Digital/random/rand_main.v" Line 59.  For instance rand_main/find/, width 5 of formal port card5 is not equal to width 1 of actual signal card5.
WARNING: File "C:/Users/joseb/Documents/GitHub/Taller-Digital/random/rand_main.v" Line 59.  For instance rand_main/find/, width 5 of formal port card6 is not equal to width 1 of actual signal card6.
WARNING: File "C:/Users/joseb/Documents/GitHub/Taller-Digital/random/rand_main.v" Line 59.  For instance rand_main/find/, width 5 of formal port card7 is not equal to width 1 of actual signal card7.
WARNING: File "C:/Users/joseb/Documents/GitHub/Taller-Digital/random/rand_main.v" Line 59.  For instance rand_main/find/, width 5 of formal port card8 is not equal to width 1 of actual signal card8.
WARNING: File "C:/Users/joseb/Documents/GitHub/Taller-Digital/random/rand_main.v" Line 59.  For instance rand_main/find/, width 5 of formal port card9 is not equal to width 1 of actual signal card9.
WARNING: File "C:/Users/joseb/Documents/GitHub/Taller-Digital/random/rand_main.v" Line 59.  For instance rand_main/find/, width 5 of formal port card10 is not equal to width 1 of actual signal card10.
WARNING: File "C:/Users/joseb/Documents/GitHub/Taller-Digital/random/rand_main.v" Line 59.  For instance rand_main/find/, width 5 of formal port card11 is not equal to width 1 of actual signal card11.
WARNING: File "C:/Users/joseb/Documents/GitHub/Taller-Digital/random/rand_main.v" Line 59.  For instance rand_main/find/, width 5 of formal port card12 is not equal to width 1 of actual signal card12.
WARNING: File "C:/Users/joseb/Documents/GitHub/Taller-Digital/random/rand_main.v" Line 59.  For instance rand_main/find/, width 5 of formal port card13 is not equal to width 1 of actual signal card13.
WARNING: File "C:/Users/joseb/Documents/GitHub/Taller-Digital/random/rand_main.v" Line 59.  For instance rand_main/find/, width 5 of formal port card14 is not equal to width 1 of actual signal card14.
WARNING: File "C:/Users/joseb/Documents/GitHub/Taller-Digital/random/rand_main.v" Line 59.  For instance rand_main/find/, width 5 of formal port card15 is not equal to width 1 of actual signal card15.
WARNING: File "C:/Users/joseb/Documents/GitHub/Taller-Digital/random/rand_main.v" Line 59.  For instance rand_main/find/, width 5 of formal port card16 is not equal to width 1 of actual signal card16.
Time resolution is 1 ps
# onerror resume
# wave add /
# run 1000 ns
Simulator is doing circuit initialization process.
Finished circuit initialization process.
