Running: C:\Xilinx\14.7\ISE_DS\ISE\bin\nt64\unwrapped\fuse.exe -intstyle ise -incremental -lib unisims_ver -lib unimacro_ver -lib xilinxcorelib_ver -lib secureip -o C:/XilinxProjects/ProyectoCorto1/Filtro_test_isim_beh.exe -prj C:/XilinxProjects/ProyectoCorto1/Filtro_test_beh.prj work.Filtro_test work.glbl 
ISim P.20131013 (signature 0x7708f090)
Number of CPUs detected in this system: 2
Turning on mult-threading, number of parallel sub-compilation jobs: 4 
Determining compilation order of HDL files
Analyzing Verilog file "C:/XilinxProjects/ProyectoCorto1/Temporizador.v" into library work
Analyzing Verilog file "C:/XilinxProjects/ProyectoCorto1/Antirrebotes.v" into library work
Analyzing Verilog file "C:/XilinxProjects/ProyectoCorto1/Filtro.v" into library work
Analyzing Verilog file "C:/XilinxProjects/ProyectoCorto1/Filtro_test.v" into library work
Analyzing Verilog file "C:/Xilinx/14.7/ISE_DS/ISE//verilog/src/glbl.v" into library work
Starting static elaboration
Completed static elaboration
Compiling module Antirrebotes
Compiling module Temporizador
Compiling module Filtro
Compiling module Filtro_test
Compiling module glbl
Time Resolution for simulation is 1ps.
Waiting for 2 sub-compilation(s) to finish...
Compiled 5 Verilog Units
Built simulation executable C:/XilinxProjects/ProyectoCorto1/Filtro_test_isim_beh.exe
Fuse Memory Usage: 27344 KB
Fuse CPU Usage: 1358 ms
